info  Running SUSHI v3.17.0 (implements FHIR Shorthand specification v3.0.0)
info  Arguments:
info    /Users/a001/Documents/GitHub/emedicinal-product-info
info  Unable to determine the latest version of sushi: spawnSync /bin/sh ETIMEDOUT
info  Attempting fallback to determine version of sushi.
info  No output path specified. Output to .
info  Using configuration file: /Users/a001/Documents/GitHub/emedicinal-product-info/sushi-config.yaml
info  Importing FSH text...
info  Preprocessed 32 documents with 38 aliases.
info  Imported 42 definitions and 28 instances.
info  Resolved hl7.fhir.uv.tools.r5#latest to concrete version 0.9.0
info  Loaded hl7.fhir.uv.tools.r5#0.9.0 with 112 resources
info  Resolved hl7.terminology.r5#latest to concrete version 7.0.1
info  Loaded hl7.terminology.r5#7.0.1 with 4096 resources
info  Loaded hl7.fhir.r5.core#5.0.0 with 2968 resources
info  Resolved hl7.fhir.uv.extensions.r5#latest to concrete version 5.2.0
info  Loaded hl7.fhir.uv.extensions.r5#5.2.0 with 759 resources
info  Loaded virtual package sushi-local#LOCAL with 0 resources
info  Converting FSH to FHIR resources...
info  Converted 24 FHIR StructureDefinitions.
info  Converted 2 FHIR CodeSystems.
info  Converted 16 FHIR ValueSets.
error Element Composition.section.section.code.coding.display has minimum cardinality 1 but occurs 0 time(s).
  File: /Users/a001/Documents/GitHub/emedicinal-product-info/input/fsh/examples/composition-paracetamol-t1.fsh
  Line: 1 - 48
error Element Composition.section.section.code.coding.display has minimum cardinality 1 but occurs 0 time(s).
  File: /Users/a001/Documents/GitHub/emedicinal-product-info/input/fsh/examples/composition-paracetamol-t1.fsh
  Line: 1 - 48
error Element Composition.section.section.code.coding.display has minimum cardinality 1 but occurs 0 time(s).
  File: /Users/a001/Documents/GitHub/emedicinal-product-info/input/fsh/examples/composition-paracetamol-t1.fsh
  Line: 1 - 48
error Element Composition.section.section.code.coding.display has minimum cardinality 1 but occurs 0 time(s).
  File: /Users/a001/Documents/GitHub/emedicinal-product-info/input/fsh/examples/composition-paracetamol-t1.fsh
  Line: 1 - 48
error Element Composition.section.section.code.coding.display has minimum cardinality 1 but occurs 0 time(s).
  File: /Users/a001/Documents/GitHub/emedicinal-product-info/input/fsh/examples/composition-paracetamol-t1.fsh
  Line: 1 - 48
error Element Composition.section.section.code.coding.display has minimum cardinality 1 but occurs 0 time(s).
  File: /Users/a001/Documents/GitHub/emedicinal-product-info/input/fsh/examples/composition-paracetamol-t1.fsh
  Line: 1 - 48
error Element PackagedProductDefinition.status.coding.display has minimum cardinality 1 but occurs 0 time(s).
  File: /Users/a001/Documents/GitHub/emedicinal-product-info/input/fsh/examples/bundle-epi-type2-example-paracetamol.fsh
  Line: 121 - 137
error Element ManufacturedItemDefinition.property.type has minimum cardinality 1 but occurs 0 time(s).
  File: /Users/a001/Documents/GitHub/emedicinal-product-info/input/fsh/examples/bundle-epi-type2-example-paracetamol.fsh
  Line: 139 - 155
error Element ManufacturedItemDefinition.property.type has minimum cardinality 1 but occurs 0 time(s).
  File: /Users/a001/Documents/GitHub/emedicinal-product-info/input/fsh/examples/bundle-epi-type2-example-paracetamol.fsh
  Line: 139 - 155
error Element ManufacturedItemDefinition.property.type has minimum cardinality 1 but occurs 0 time(s).
  File: /Users/a001/Documents/GitHub/emedicinal-product-info/input/fsh/examples/bundle-epi-type2-example-paracetamol.fsh
  Line: 139 - 155
error Element ManufacturedItemDefinition.property:size.value[x].coding has minimum cardinality 1 but occurs 0 time(s).
  File: /Users/a001/Documents/GitHub/emedicinal-product-info/input/fsh/examples/bundle-epi-type2-example-paracetamol.fsh
  Line: 139 - 155
error Element ManufacturedItemDefinition.property.type has minimum cardinality 1 but occurs 0 time(s).
  File: /Users/a001/Documents/GitHub/emedicinal-product-info/input/fsh/examples/bundle-epi-type2-example-paracetamol.fsh
  Line: 139 - 155
error Element ManufacturedItemDefinition.property:score.value[x].coding has minimum cardinality 1 but occurs 0 time(s).
  File: /Users/a001/Documents/GitHub/emedicinal-product-info/input/fsh/examples/bundle-epi-type2-example-paracetamol.fsh
  Line: 139 - 155
error Element ManufacturedItemDefinition.property:color.type has minimum cardinality 1 but occurs 0 time(s).
  File: /Users/a001/Documents/GitHub/emedicinal-product-info/input/fsh/examples/bundle-epi-type2-example-paracetamol.fsh
  Line: 139 - 155
error Element ManufacturedItemDefinition.property:score.type has minimum cardinality 1 but occurs 0 time(s).
  File: /Users/a001/Documents/GitHub/emedicinal-product-info/input/fsh/examples/bundle-epi-type2-example-paracetamol.fsh
  Line: 139 - 155
error Element ManufacturedItemDefinition.property:score.value[x].coding has minimum cardinality 1 but occurs 0 time(s).
  File: /Users/a001/Documents/GitHub/emedicinal-product-info/input/fsh/examples/bundle-epi-type2-example-paracetamol.fsh
  Line: 139 - 155
error Element ManufacturedItemDefinition.property:shape.type has minimum cardinality 1 but occurs 0 time(s).
  File: /Users/a001/Documents/GitHub/emedicinal-product-info/input/fsh/examples/bundle-epi-type2-example-paracetamol.fsh
  Line: 139 - 155
error Element ManufacturedItemDefinition.property:size.type has minimum cardinality 1 but occurs 0 time(s).
  File: /Users/a001/Documents/GitHub/emedicinal-product-info/input/fsh/examples/bundle-epi-type2-example-paracetamol.fsh
  Line: 139 - 155
error Element ManufacturedItemDefinition.property:size.value[x].coding has minimum cardinality 1 but occurs 0 time(s).
  File: /Users/a001/Documents/GitHub/emedicinal-product-info/input/fsh/examples/bundle-epi-type2-example-paracetamol.fsh
  Line: 139 - 155
error Element AdministrableProductDefinition.property.type has minimum cardinality 1 but occurs 0 time(s).
  File: /Users/a001/Documents/GitHub/emedicinal-product-info/input/fsh/examples/bundle-epi-type2-example-paracetamol.fsh
  Line: 157 - 175
error Element AdministrableProductDefinition.property.type has minimum cardinality 1 but occurs 0 time(s).
  File: /Users/a001/Documents/GitHub/emedicinal-product-info/input/fsh/examples/bundle-epi-type2-example-paracetamol.fsh
  Line: 157 - 175
error Element AdministrableProductDefinition.property.type has minimum cardinality 1 but occurs 0 time(s).
  File: /Users/a001/Documents/GitHub/emedicinal-product-info/input/fsh/examples/bundle-epi-type2-example-paracetamol.fsh
  Line: 157 - 175
error Element AdministrableProductDefinition.property:flavor.value[x].coding has minimum cardinality 1 but occurs 0 time(s).
  File: /Users/a001/Documents/GitHub/emedicinal-product-info/input/fsh/examples/bundle-epi-type2-example-paracetamol.fsh
  Line: 157 - 175
error Element AdministrableProductDefinition.property.type has minimum cardinality 1 but occurs 0 time(s).
  File: /Users/a001/Documents/GitHub/emedicinal-product-info/input/fsh/examples/bundle-epi-type2-example-paracetamol.fsh
  Line: 157 - 175
error Element AdministrableProductDefinition.property:image.value[x].coding has minimum cardinality 1 but occurs 0 time(s).
  File: /Users/a001/Documents/GitHub/emedicinal-product-info/input/fsh/examples/bundle-epi-type2-example-paracetamol.fsh
  Line: 157 - 175
error Element AdministrableProductDefinition.property:color.type has minimum cardinality 1 but occurs 0 time(s).
  File: /Users/a001/Documents/GitHub/emedicinal-product-info/input/fsh/examples/bundle-epi-type2-example-paracetamol.fsh
  Line: 157 - 175
error Element AdministrableProductDefinition.property:flavor.type has minimum cardinality 1 but occurs 0 time(s).
  File: /Users/a001/Documents/GitHub/emedicinal-product-info/input/fsh/examples/bundle-epi-type2-example-paracetamol.fsh
  Line: 157 - 175
error Element AdministrableProductDefinition.property:flavor.value[x].coding has minimum cardinality 1 but occurs 0 time(s).
  File: /Users/a001/Documents/GitHub/emedicinal-product-info/input/fsh/examples/bundle-epi-type2-example-paracetamol.fsh
  Line: 157 - 175
error Element AdministrableProductDefinition.property:shape.type has minimum cardinality 1 but occurs 0 time(s).
  File: /Users/a001/Documents/GitHub/emedicinal-product-info/input/fsh/examples/bundle-epi-type2-example-paracetamol.fsh
  Line: 157 - 175
error Element AdministrableProductDefinition.property:image.type has minimum cardinality 1 but occurs 0 time(s).
  File: /Users/a001/Documents/GitHub/emedicinal-product-info/input/fsh/examples/bundle-epi-type2-example-paracetamol.fsh
  Line: 157 - 175
error Element AdministrableProductDefinition.property:image.value[x].coding has minimum cardinality 1 but occurs 0 time(s).
  File: /Users/a001/Documents/GitHub/emedicinal-product-info/input/fsh/examples/bundle-epi-type2-example-paracetamol.fsh
  Line: 157 - 175
error Element ClinicalUseDefinition.category.coding.display has minimum cardinality 1 but occurs 0 time(s).
  File: /Users/a001/Documents/GitHub/emedicinal-product-info/input/fsh/examples/bundle-epi-type3-example-wonderdrug.fsh
  Line: 312 - 325
error Element ClinicalUseDefinition.status.coding.system has minimum cardinality 1 but occurs 0 time(s).
  File: /Users/a001/Documents/GitHub/emedicinal-product-info/input/fsh/examples/bundle-epi-type3-example-wonderdrug.fsh
  Line: 312 - 325
error Element ClinicalUseDefinition.status.coding.display has minimum cardinality 1 but occurs 0 time(s).
  File: /Users/a001/Documents/GitHub/emedicinal-product-info/input/fsh/examples/bundle-epi-type3-example-wonderdrug.fsh
  Line: 312 - 325
error Element ClinicalUseDefinition.category.coding.display has minimum cardinality 1 but occurs 0 time(s).
  File: /Users/a001/Documents/GitHub/emedicinal-product-info/input/fsh/examples/bundle-epi-type3-example-wonderdrug.fsh
  Line: 327 - 340
error Element ClinicalUseDefinition.status.coding.system has minimum cardinality 1 but occurs 0 time(s).
  File: /Users/a001/Documents/GitHub/emedicinal-product-info/input/fsh/examples/bundle-epi-type3-example-wonderdrug.fsh
  Line: 327 - 340
error Element ClinicalUseDefinition.status.coding.display has minimum cardinality 1 but occurs 0 time(s).
  File: /Users/a001/Documents/GitHub/emedicinal-product-info/input/fsh/examples/bundle-epi-type3-example-wonderdrug.fsh
  Line: 327 - 340
error Element ClinicalUseDefinition.category.coding.display has minimum cardinality 1 but occurs 0 time(s).
  File: /Users/a001/Documents/GitHub/emedicinal-product-info/input/fsh/examples/bundle-epi-type3-example-wonderdrug.fsh
  Line: 342 - 355
error Element ClinicalUseDefinition.status.coding.system has minimum cardinality 1 but occurs 0 time(s).
  File: /Users/a001/Documents/GitHub/emedicinal-product-info/input/fsh/examples/bundle-epi-type3-example-wonderdrug.fsh
  Line: 342 - 355
error Element ClinicalUseDefinition.status.coding.display has minimum cardinality 1 but occurs 0 time(s).
  File: /Users/a001/Documents/GitHub/emedicinal-product-info/input/fsh/examples/bundle-epi-type3-example-wonderdrug.fsh
  Line: 342 - 355
error Element ClinicalUseDefinition.category.coding.display has minimum cardinality 1 but occurs 0 time(s).
  File: /Users/a001/Documents/GitHub/emedicinal-product-info/input/fsh/examples/bundle-epi-type3-example-wonderdrug.fsh
  Line: 371 - 385
error Element ClinicalUseDefinition.status.coding.system has minimum cardinality 1 but occurs 0 time(s).
  File: /Users/a001/Documents/GitHub/emedicinal-product-info/input/fsh/examples/bundle-epi-type3-example-wonderdrug.fsh
  Line: 371 - 385
error Element ClinicalUseDefinition.status.coding.display has minimum cardinality 1 but occurs 0 time(s).
  File: /Users/a001/Documents/GitHub/emedicinal-product-info/input/fsh/examples/bundle-epi-type3-example-wonderdrug.fsh
  Line: 371 - 385
error Element ClinicalUseDefinition.category.coding.display has minimum cardinality 1 but occurs 0 time(s).
  File: /Users/a001/Documents/GitHub/emedicinal-product-info/input/fsh/examples/bundle-epi-type3-example-wonderdrug.fsh
  Line: 357 - 370
error Element ClinicalUseDefinition.status.coding.system has minimum cardinality 1 but occurs 0 time(s).
  File: /Users/a001/Documents/GitHub/emedicinal-product-info/input/fsh/examples/bundle-epi-type3-example-wonderdrug.fsh
  Line: 357 - 370
error Element ClinicalUseDefinition.status.coding.display has minimum cardinality 1 but occurs 0 time(s).
  File: /Users/a001/Documents/GitHub/emedicinal-product-info/input/fsh/examples/bundle-epi-type3-example-wonderdrug.fsh
  Line: 357 - 370
error Element ClinicalUseDefinition.category.coding.display has minimum cardinality 1 but occurs 0 time(s).
  File: /Users/a001/Documents/GitHub/emedicinal-product-info/input/fsh/examples/bundle-epi-type3-example-wonderdrug.fsh
  Line: 387 - 399
error Element ClinicalUseDefinition.status.coding.system has minimum cardinality 1 but occurs 0 time(s).
  File: /Users/a001/Documents/GitHub/emedicinal-product-info/input/fsh/examples/bundle-epi-type3-example-wonderdrug.fsh
  Line: 387 - 399
error Element ClinicalUseDefinition.status.coding.display has minimum cardinality 1 but occurs 0 time(s).
  File: /Users/a001/Documents/GitHub/emedicinal-product-info/input/fsh/examples/bundle-epi-type3-example-wonderdrug.fsh
  Line: 387 - 399
info  Converted 28 FHIR instances.
info  Exporting FHIR resources as JSON...
info  Exported 70 FHIR resources as JSON.
info  Assembling Implementation Guide sources...
info  Generated ImplementationGuide-hl7.fhir.uv.emedicinal-product-info.json
info  Assembled Implementation Guide sources; ready for IG Publisher.

========================= SUSHI RESULTS ===========================
|  -------------------------------------------------------------  |
| |    Profiles   |  Extensions  |   Logicals   |   Resources   | |
| |-------------------------------------------------------------| |
| |      20       |      4       |      0       |       0       | |
|  -------------------------------------------------------------  |
|  -------------------------------------------------------------  |
| |      ValueSets     |    CodeSystems    |     Instances      | |
| |-------------------------------------------------------------| |
| |         16         |         2         |         28         | |
|  -------------------------------------------------------------  |
|                                                                 |
===================================================================
| Some-fin went wrong...                49 Errors      0 Warnings |
===================================================================

