info  Running SUSHI v3.17.0 (implements FHIR Shorthand specification v3.0.0)
info  Arguments:
info    /Users/a001/Documents/GitHub/emedicinal-product-info
info  No output path specified. Output to .
info  Using configuration file: /Users/a001/Documents/GitHub/emedicinal-product-info/sushi-config.yaml
info  Importing FSH text...
info  Preprocessed 32 documents with 38 aliases.
info  Imported 42 definitions and 28 instances.
info  Resolved hl7.fhir.uv.tools.r5#latest to concrete version 0.9.0
info  Loaded hl7.fhir.uv.tools.r5#0.9.0 with 112 resources
info  Resolved hl7.terminology.r5#latest to concrete version 7.0.1
info  Loaded hl7.terminology.r5#7.0.1 with 4096 resources
info  Loaded hl7.fhir.r5.core#5.0.0 with 2968 resources
info  Resolved hl7.fhir.uv.extensions.r5#latest to concrete version 5.2.0
info  Loaded hl7.fhir.uv.extensions.r5#5.2.0 with 759 resources
info  Loaded virtual package sushi-local#LOCAL with 0 resources
info  Converting FSH to FHIR resources...
info  Converted 24 FHIR StructureDefinitions.
info  Converted 2 FHIR CodeSystems.
info  Converted 16 FHIR ValueSets.
info  Converted 28 FHIR instances.
info  Exporting FHIR resources as JSON...
info  Exported 70 FHIR resources as JSON.
info  Assembling Implementation Guide sources...
info  Generated ImplementationGuide-hl7.fhir.uv.emedicinal-product-info.json
info  Assembled Implementation Guide sources; ready for IG Publisher.

========================= SUSHI RESULTS ===========================
|  -------------------------------------------------------------  |
| |    Profiles   |  Extensions  |   Logicals   |   Resources   | |
| |-------------------------------------------------------------| |
| |      20       |      4       |      0       |       0       | |
|  -------------------------------------------------------------  |
|  -------------------------------------------------------------  |
| |      ValueSets     |    CodeSystems    |     Instances      | |
| |-------------------------------------------------------------| |
| |         16         |         2         |         28         | |
|  -------------------------------------------------------------  |
|                                                                 |
===================================================================
| You've earned a seal of approval.      0 Errors      0 Warnings |
===================================================================

