info  Running SUSHI v3.17.0 (implements FHIR Shorthand specification v3.0.0)
info  Arguments:
info    /Users/a001/Documents/GitHub/emedicinal-product-info
info  No output path specified. Output to .
info  Using configuration file: /Users/a001/Documents/GitHub/emedicinal-product-info/sushi-config.yaml
info  Importing FSH text...
info  Preprocessed 32 documents with 38 aliases.
info  Imported 42 definitions and 28 instances.
info  Resolved hl7.fhir.uv.tools.r5#latest to concrete version 0.9.0
info  Loaded hl7.fhir.uv.tools.r5#0.9.0 with 112 resources
info  Resolved hl7.terminology.r5#latest to concrete version 7.0.1
info  Loaded hl7.terminology.r5#7.0.1 with 4096 resources
info  Loaded hl7.fhir.r5.core#5.0.0 with 2968 resources
info  Resolved hl7.fhir.uv.extensions.r5#latest to concrete version 5.2.0
info  Loaded hl7.fhir.uv.extensions.r5#5.2.0 with 759 resources
info  Loaded virtual package sushi-local#LOCAL with 0 resources
info  Converting FSH to FHIR resources...
error No element found at path status.coding for CardRule in AdministrableProductDefinitionUvEpi, skipping rule
  File: /Users/a001/Documents/GitHub/emedicinal-product-info/input/fsh/profiles/AdministrableProductDefinition-uv-epi.fsh
  Line: 12
error No element found at path status.coding.system for CardRule in AdministrableProductDefinitionUvEpi, skipping rule
  File: /Users/a001/Documents/GitHub/emedicinal-product-info/input/fsh/profiles/AdministrableProductDefinition-uv-epi.fsh
  Line: 13
error No element found at path status.coding.code for CardRule in AdministrableProductDefinitionUvEpi, skipping rule
  File: /Users/a001/Documents/GitHub/emedicinal-product-info/input/fsh/profiles/AdministrableProductDefinition-uv-epi.fsh
  Line: 14
error No element found at path status.coding.display for CardRule in AdministrableProductDefinitionUvEpi, skipping rule
  File: /Users/a001/Documents/GitHub/emedicinal-product-info/input/fsh/profiles/AdministrableProductDefinition-uv-epi.fsh
  Line: 15
error No element found at path contraindication.diseaseCondition.concept.coding for CardRule in ClinicalUseDefinitionContraindicationUvEpi, skipping rule
  File: /Users/a001/Documents/GitHub/emedicinal-product-info/input/fsh/profiles/ClinicalUseDefinition-contraindication-uv-epi.fsh
  Line: 21
error No element found at path contraindication.diseaseCondition.concept.coding.system for CardRule in ClinicalUseDefinitionContraindicationUvEpi, skipping rule
  File: /Users/a001/Documents/GitHub/emedicinal-product-info/input/fsh/profiles/ClinicalUseDefinition-contraindication-uv-epi.fsh
  Line: 22
error No element found at path contraindication.diseaseCondition.concept.coding.code for CardRule in ClinicalUseDefinitionContraindicationUvEpi, skipping rule
  File: /Users/a001/Documents/GitHub/emedicinal-product-info/input/fsh/profiles/ClinicalUseDefinition-contraindication-uv-epi.fsh
  Line: 23
error No element found at path contraindication.diseaseCondition.concept.coding.display for CardRule in ClinicalUseDefinitionContraindicationUvEpi, skipping rule
  File: /Users/a001/Documents/GitHub/emedicinal-product-info/input/fsh/profiles/ClinicalUseDefinition-contraindication-uv-epi.fsh
  Line: 24
error No element found at path contraindication.indication.concept.coding for CardRule in ClinicalUseDefinitionContraindicationUvEpi, skipping rule
  File: /Users/a001/Documents/GitHub/emedicinal-product-info/input/fsh/profiles/ClinicalUseDefinition-contraindication-uv-epi.fsh
  Line: 29
error No element found at path contraindication.indication.concept.coding.system for CardRule in ClinicalUseDefinitionContraindicationUvEpi, skipping rule
  File: /Users/a001/Documents/GitHub/emedicinal-product-info/input/fsh/profiles/ClinicalUseDefinition-contraindication-uv-epi.fsh
  Line: 30
error No element found at path contraindication.indication.concept.coding.code for CardRule in ClinicalUseDefinitionContraindicationUvEpi, skipping rule
  File: /Users/a001/Documents/GitHub/emedicinal-product-info/input/fsh/profiles/ClinicalUseDefinition-contraindication-uv-epi.fsh
  Line: 31
error No element found at path contraindication.indication.concept.coding.display for CardRule in ClinicalUseDefinitionContraindicationUvEpi, skipping rule
  File: /Users/a001/Documents/GitHub/emedicinal-product-info/input/fsh/profiles/ClinicalUseDefinition-contraindication-uv-epi.fsh
  Line: 32
error No element found at path contraindication.otherTherapy.therapyRelationshipType.coding for CardRule in ClinicalUseDefinitionContraindicationUvEpi, skipping rule
  File: /Users/a001/Documents/GitHub/emedicinal-product-info/input/fsh/profiles/ClinicalUseDefinition-contraindication-uv-epi.fsh
  Line: 33
error No element found at path contraindication.otherTherapy.therapyRelationshipType.coding.system for CardRule in ClinicalUseDefinitionContraindicationUvEpi, skipping rule
  File: /Users/a001/Documents/GitHub/emedicinal-product-info/input/fsh/profiles/ClinicalUseDefinition-contraindication-uv-epi.fsh
  Line: 34
error No element found at path contraindication.otherTherapy.therapyRelationshipType.coding.code for CardRule in ClinicalUseDefinitionContraindicationUvEpi, skipping rule
  File: /Users/a001/Documents/GitHub/emedicinal-product-info/input/fsh/profiles/ClinicalUseDefinition-contraindication-uv-epi.fsh
  Line: 35
error No element found at path contraindication.otherTherapy.therapyRelationshipType.coding.display for CardRule in ClinicalUseDefinitionContraindicationUvEpi, skipping rule
  File: /Users/a001/Documents/GitHub/emedicinal-product-info/input/fsh/profiles/ClinicalUseDefinition-contraindication-uv-epi.fsh
  Line: 36
error No element found at path contraindication.otherTherapy.indication.concept.coding for CardRule in ClinicalUseDefinitionContraindicationUvEpi, skipping rule
  File: /Users/a001/Documents/GitHub/emedicinal-product-info/input/fsh/profiles/ClinicalUseDefinition-contraindication-uv-epi.fsh
  Line: 37
error No element found at path contraindication.otherTherapy.indication.concept.coding.system for CardRule in ClinicalUseDefinitionContraindicationUvEpi, skipping rule
  File: /Users/a001/Documents/GitHub/emedicinal-product-info/input/fsh/profiles/ClinicalUseDefinition-contraindication-uv-epi.fsh
  Line: 38
error No element found at path contraindication.otherTherapy.indication.concept.coding.code for CardRule in ClinicalUseDefinitionContraindicationUvEpi, skipping rule
  File: /Users/a001/Documents/GitHub/emedicinal-product-info/input/fsh/profiles/ClinicalUseDefinition-contraindication-uv-epi.fsh
  Line: 39
error No element found at path contraindication.otherTherapy.indication.concept.coding.display for CardRule in ClinicalUseDefinitionContraindicationUvEpi, skipping rule
  File: /Users/a001/Documents/GitHub/emedicinal-product-info/input/fsh/profiles/ClinicalUseDefinition-contraindication-uv-epi.fsh
  Line: 40
error No element found at path indication.diseaseCondition.concept.coding for CardRule in ClinicalUseDefinitionIndicationUvEpi, skipping rule
  File: /Users/a001/Documents/GitHub/emedicinal-product-info/input/fsh/profiles/ClinicalUseDefinition-indication-uv-epi.fsh
  Line: 21
error No element found at path indication.diseaseCondition.concept.coding.system for CardRule in ClinicalUseDefinitionIndicationUvEpi, skipping rule
  File: /Users/a001/Documents/GitHub/emedicinal-product-info/input/fsh/profiles/ClinicalUseDefinition-indication-uv-epi.fsh
  Line: 22
error No element found at path indication.diseaseCondition.concept.coding.code for CardRule in ClinicalUseDefinitionIndicationUvEpi, skipping rule
  File: /Users/a001/Documents/GitHub/emedicinal-product-info/input/fsh/profiles/ClinicalUseDefinition-indication-uv-epi.fsh
  Line: 23
error No element found at path indication.diseaseCondition.concept.coding.display for CardRule in ClinicalUseDefinitionIndicationUvEpi, skipping rule
  File: /Users/a001/Documents/GitHub/emedicinal-product-info/input/fsh/profiles/ClinicalUseDefinition-indication-uv-epi.fsh
  Line: 24
error No element found at path indication.indication.concept.coding for CardRule in ClinicalUseDefinitionIndicationUvEpi, skipping rule
  File: /Users/a001/Documents/GitHub/emedicinal-product-info/input/fsh/profiles/ClinicalUseDefinition-indication-uv-epi.fsh
  Line: 29
error No element found at path indication.indication.concept.coding.system for CardRule in ClinicalUseDefinitionIndicationUvEpi, skipping rule
  File: /Users/a001/Documents/GitHub/emedicinal-product-info/input/fsh/profiles/ClinicalUseDefinition-indication-uv-epi.fsh
  Line: 30
error No element found at path indication.indication.concept.coding.code for CardRule in ClinicalUseDefinitionIndicationUvEpi, skipping rule
  File: /Users/a001/Documents/GitHub/emedicinal-product-info/input/fsh/profiles/ClinicalUseDefinition-indication-uv-epi.fsh
  Line: 31
error No element found at path indication.indication.concept.coding.display for CardRule in ClinicalUseDefinitionIndicationUvEpi, skipping rule
  File: /Users/a001/Documents/GitHub/emedicinal-product-info/input/fsh/profiles/ClinicalUseDefinition-indication-uv-epi.fsh
  Line: 32
error No element found at path indication.otherTherapy.therapyRelationshipType.coding for CardRule in ClinicalUseDefinitionIndicationUvEpi, skipping rule
  File: /Users/a001/Documents/GitHub/emedicinal-product-info/input/fsh/profiles/ClinicalUseDefinition-indication-uv-epi.fsh
  Line: 37
error No element found at path indication.otherTherapy.therapyRelationshipType.coding.system for CardRule in ClinicalUseDefinitionIndicationUvEpi, skipping rule
  File: /Users/a001/Documents/GitHub/emedicinal-product-info/input/fsh/profiles/ClinicalUseDefinition-indication-uv-epi.fsh
  Line: 38
error No element found at path indication.otherTherapy.therapyRelationshipType.coding.code for CardRule in ClinicalUseDefinitionIndicationUvEpi, skipping rule
  File: /Users/a001/Documents/GitHub/emedicinal-product-info/input/fsh/profiles/ClinicalUseDefinition-indication-uv-epi.fsh
  Line: 39
error No element found at path indication.otherTherapy.therapyRelationshipType.coding.display for CardRule in ClinicalUseDefinitionIndicationUvEpi, skipping rule
  File: /Users/a001/Documents/GitHub/emedicinal-product-info/input/fsh/profiles/ClinicalUseDefinition-indication-uv-epi.fsh
  Line: 40
error No element found at path indication.otherTherapy.indication.concept.coding for CardRule in ClinicalUseDefinitionIndicationUvEpi, skipping rule
  File: /Users/a001/Documents/GitHub/emedicinal-product-info/input/fsh/profiles/ClinicalUseDefinition-indication-uv-epi.fsh
  Line: 41
error No element found at path indication.otherTherapy.indication.concept.coding.system for CardRule in ClinicalUseDefinitionIndicationUvEpi, skipping rule
  File: /Users/a001/Documents/GitHub/emedicinal-product-info/input/fsh/profiles/ClinicalUseDefinition-indication-uv-epi.fsh
  Line: 42
error No element found at path indication.otherTherapy.indication.concept.coding.code for CardRule in ClinicalUseDefinitionIndicationUvEpi, skipping rule
  File: /Users/a001/Documents/GitHub/emedicinal-product-info/input/fsh/profiles/ClinicalUseDefinition-indication-uv-epi.fsh
  Line: 43
error No element found at path indication.otherTherapy.indication.concept.coding.display for CardRule in ClinicalUseDefinitionIndicationUvEpi, skipping rule
  File: /Users/a001/Documents/GitHub/emedicinal-product-info/input/fsh/profiles/ClinicalUseDefinition-indication-uv-epi.fsh
  Line: 44
error No element found at path allergenicIndicator.coding for CardRule in IngredientUvEpi, skipping rule
  File: /Users/a001/Documents/GitHub/emedicinal-product-info/input/fsh/profiles/Ingredient-uv-epi.fsh
  Line: 27
error No element found at path allergenicIndicator.coding.system for CardRule in IngredientUvEpi, skipping rule
  File: /Users/a001/Documents/GitHub/emedicinal-product-info/input/fsh/profiles/Ingredient-uv-epi.fsh
  Line: 28
error No element found at path allergenicIndicator.coding.code for CardRule in IngredientUvEpi, skipping rule
  File: /Users/a001/Documents/GitHub/emedicinal-product-info/input/fsh/profiles/Ingredient-uv-epi.fsh
  Line: 29
error No element found at path allergenicIndicator.coding.display for CardRule in IngredientUvEpi, skipping rule
  File: /Users/a001/Documents/GitHub/emedicinal-product-info/input/fsh/profiles/Ingredient-uv-epi.fsh
  Line: 30
error No element found at path substance.code.coding for CardRule in IngredientUvEpi, skipping rule
  File: /Users/a001/Documents/GitHub/emedicinal-product-info/input/fsh/profiles/Ingredient-uv-epi.fsh
  Line: 33
error No element found at path substance.code.coding.system for CardRule in IngredientUvEpi, skipping rule
  File: /Users/a001/Documents/GitHub/emedicinal-product-info/input/fsh/profiles/Ingredient-uv-epi.fsh
  Line: 34
error No element found at path substance.code.coding.code for CardRule in IngredientUvEpi, skipping rule
  File: /Users/a001/Documents/GitHub/emedicinal-product-info/input/fsh/profiles/Ingredient-uv-epi.fsh
  Line: 35
error No element found at path substance.code.coding.display for CardRule in IngredientUvEpi, skipping rule
  File: /Users/a001/Documents/GitHub/emedicinal-product-info/input/fsh/profiles/Ingredient-uv-epi.fsh
  Line: 36
error No element found at path status.coding for CardRule in ManufacturedItemDefinitionUvEpi, skipping rule
  File: /Users/a001/Documents/GitHub/emedicinal-product-info/input/fsh/profiles/ManufacturedItemDefinition-uv-epi.fsh
  Line: 12
error No element found at path status.coding.system for CardRule in ManufacturedItemDefinitionUvEpi, skipping rule
  File: /Users/a001/Documents/GitHub/emedicinal-product-info/input/fsh/profiles/ManufacturedItemDefinition-uv-epi.fsh
  Line: 13
error No element found at path status.coding.code for CardRule in ManufacturedItemDefinitionUvEpi, skipping rule
  File: /Users/a001/Documents/GitHub/emedicinal-product-info/input/fsh/profiles/ManufacturedItemDefinition-uv-epi.fsh
  Line: 14
error No element found at path status.coding.display for CardRule in ManufacturedItemDefinitionUvEpi, skipping rule
  File: /Users/a001/Documents/GitHub/emedicinal-product-info/input/fsh/profiles/ManufacturedItemDefinition-uv-epi.fsh
  Line: 15
error No element found at path indicationGuideline.indication.coding for CardRule in MedicationKnowledgeUvEpi, skipping rule
  File: /Users/a001/Documents/GitHub/emedicinal-product-info/input/fsh/profiles/MedicationKnowledge-uv-epi.fsh
  Line: 21
error No element found at path indicationGuideline.indication.coding.system for CardRule in MedicationKnowledgeUvEpi, skipping rule
  File: /Users/a001/Documents/GitHub/emedicinal-product-info/input/fsh/profiles/MedicationKnowledge-uv-epi.fsh
  Line: 22
error No element found at path indicationGuideline.indication.coding.code for CardRule in MedicationKnowledgeUvEpi, skipping rule
  File: /Users/a001/Documents/GitHub/emedicinal-product-info/input/fsh/profiles/MedicationKnowledge-uv-epi.fsh
  Line: 23
error No element found at path indicationGuideline.indication.coding.display for CardRule in MedicationKnowledgeUvEpi, skipping rule
  File: /Users/a001/Documents/GitHub/emedicinal-product-info/input/fsh/profiles/MedicationKnowledge-uv-epi.fsh
  Line: 24
error No element found at path indicationGuideline.dosingGuideline.patientCharacteristic.coding for CardRule in MedicationKnowledgeUvEpi, skipping rule
  File: /Users/a001/Documents/GitHub/emedicinal-product-info/input/fsh/profiles/MedicationKnowledge-uv-epi.fsh
  Line: 43
error No element found at path indicationGuideline.dosingGuideline.patientCharacteristic.coding.system for CardRule in MedicationKnowledgeUvEpi, skipping rule
  File: /Users/a001/Documents/GitHub/emedicinal-product-info/input/fsh/profiles/MedicationKnowledge-uv-epi.fsh
  Line: 44
error No element found at path indicationGuideline.dosingGuideline.patientCharacteristic.coding.code for CardRule in MedicationKnowledgeUvEpi, skipping rule
  File: /Users/a001/Documents/GitHub/emedicinal-product-info/input/fsh/profiles/MedicationKnowledge-uv-epi.fsh
  Line: 45
error No element found at path indicationGuideline.dosingGuideline.patientCharacteristic.coding.display for CardRule in MedicationKnowledgeUvEpi, skipping rule
  File: /Users/a001/Documents/GitHub/emedicinal-product-info/input/fsh/profiles/MedicationKnowledge-uv-epi.fsh
  Line: 46
error Cannot create ScientificNamePart slice. No slicing found for MedicinalProductDefinition.name.part.
  File: /Users/a001/Documents/GitHub/emedicinal-product-info/input/fsh/profiles/MedicinalProductDefinition-uv-epi.fsh
  Line: 88 - 93
error Cannot create InventedNamePart slice. No slicing found for MedicinalProductDefinition.name.part.
  File: /Users/a001/Documents/GitHub/emedicinal-product-info/input/fsh/profiles/MedicinalProductDefinition-uv-epi.fsh
  Line: 88 - 93
error Cannot create StrengthPart slice. No slicing found for MedicinalProductDefinition.name.part.
  File: /Users/a001/Documents/GitHub/emedicinal-product-info/input/fsh/profiles/MedicinalProductDefinition-uv-epi.fsh
  Line: 88 - 93
error Cannot create PharmaceuticalDosePart slice. No slicing found for MedicinalProductDefinition.name.part.
  File: /Users/a001/Documents/GitHub/emedicinal-product-info/input/fsh/profiles/MedicinalProductDefinition-uv-epi.fsh
  Line: 88 - 93
error Cannot create TrademarkOrOtherSuffixPart slice. No slicing found for MedicinalProductDefinition.name.part.
  File: /Users/a001/Documents/GitHub/emedicinal-product-info/input/fsh/profiles/MedicinalProductDefinition-uv-epi.fsh
  Line: 88 - 93
error No element found at path name.part[ScientificNamePart] for CardRule in MedicinalProductDefinitionUvEpi, skipping rule
  File: /Users/a001/Documents/GitHub/emedicinal-product-info/input/fsh/profiles/MedicinalProductDefinition-uv-epi.fsh
  Line: 88 - 93
error No element found at path name.part[InventedNamePart] for CardRule in MedicinalProductDefinitionUvEpi, skipping rule
  File: /Users/a001/Documents/GitHub/emedicinal-product-info/input/fsh/profiles/MedicinalProductDefinition-uv-epi.fsh
  Line: 88 - 93
error No element found at path name.part[StrengthPart] for CardRule in MedicinalProductDefinitionUvEpi, skipping rule
  File: /Users/a001/Documents/GitHub/emedicinal-product-info/input/fsh/profiles/MedicinalProductDefinition-uv-epi.fsh
  Line: 88 - 93
error No element found at path name.part[PharmaceuticalDosePart] for CardRule in MedicinalProductDefinitionUvEpi, skipping rule
  File: /Users/a001/Documents/GitHub/emedicinal-product-info/input/fsh/profiles/MedicinalProductDefinition-uv-epi.fsh
  Line: 88 - 93
error No element found at path name.part[TrademarkOrOtherSuffixPart] for CardRule in MedicinalProductDefinitionUvEpi, skipping rule
  File: /Users/a001/Documents/GitHub/emedicinal-product-info/input/fsh/profiles/MedicinalProductDefinition-uv-epi.fsh
  Line: 88 - 93
error No element found at path name.part[ScientificNamePart] for CaretValueRule in MedicinalProductDefinitionUvEpi, skipping rule
  File: /Users/a001/Documents/GitHub/emedicinal-product-info/input/fsh/profiles/MedicinalProductDefinition-uv-epi.fsh
  Line: 94
error No element found at path name.part[ScientificNamePart].type for AssignmentRule in MedicinalProductDefinitionUvEpi, skipping rule
  File: /Users/a001/Documents/GitHub/emedicinal-product-info/input/fsh/profiles/MedicinalProductDefinition-uv-epi.fsh
  Line: 95
error No element found at path name.part[InventedNamePart] for CaretValueRule in MedicinalProductDefinitionUvEpi, skipping rule
  File: /Users/a001/Documents/GitHub/emedicinal-product-info/input/fsh/profiles/MedicinalProductDefinition-uv-epi.fsh
  Line: 96
error No element found at path name.part[InventedNamePart].type for AssignmentRule in MedicinalProductDefinitionUvEpi, skipping rule
  File: /Users/a001/Documents/GitHub/emedicinal-product-info/input/fsh/profiles/MedicinalProductDefinition-uv-epi.fsh
  Line: 97
error No element found at path name.part[StrengthPart] for CaretValueRule in MedicinalProductDefinitionUvEpi, skipping rule
  File: /Users/a001/Documents/GitHub/emedicinal-product-info/input/fsh/profiles/MedicinalProductDefinition-uv-epi.fsh
  Line: 98
error No element found at path name.part[StrengthPart].type for AssignmentRule in MedicinalProductDefinitionUvEpi, skipping rule
  File: /Users/a001/Documents/GitHub/emedicinal-product-info/input/fsh/profiles/MedicinalProductDefinition-uv-epi.fsh
  Line: 99
error No element found at path name.part[PharmaceuticalDosePart] for CaretValueRule in MedicinalProductDefinitionUvEpi, skipping rule
  File: /Users/a001/Documents/GitHub/emedicinal-product-info/input/fsh/profiles/MedicinalProductDefinition-uv-epi.fsh
  Line: 100
error No element found at path name.part[PharmaceuticalDosePart].type for AssignmentRule in MedicinalProductDefinitionUvEpi, skipping rule
  File: /Users/a001/Documents/GitHub/emedicinal-product-info/input/fsh/profiles/MedicinalProductDefinition-uv-epi.fsh
  Line: 101
error No element found at path name.part[TrademarkOrOtherSuffixPart] for CaretValueRule in MedicinalProductDefinitionUvEpi, skipping rule
  File: /Users/a001/Documents/GitHub/emedicinal-product-info/input/fsh/profiles/MedicinalProductDefinition-uv-epi.fsh
  Line: 102
error No element found at path name.part[TrademarkOrOtherSuffixPart].type for AssignmentRule in MedicinalProductDefinitionUvEpi, skipping rule
  File: /Users/a001/Documents/GitHub/emedicinal-product-info/input/fsh/profiles/MedicinalProductDefinition-uv-epi.fsh
  Line: 103
error No element found at path legalStatusOfSupply.coding for CardRule in PackagedProductDefinitionUvEpi, skipping rule
  File: /Users/a001/Documents/GitHub/emedicinal-product-info/input/fsh/profiles/PackagedProductDefinition-uv-epi.fsh
  Line: 26
error No element found at path legalStatusOfSupply.coding.system for CardRule in PackagedProductDefinitionUvEpi, skipping rule
  File: /Users/a001/Documents/GitHub/emedicinal-product-info/input/fsh/profiles/PackagedProductDefinition-uv-epi.fsh
  Line: 27
error No element found at path legalStatusOfSupply.coding.code for CardRule in PackagedProductDefinitionUvEpi, skipping rule
  File: /Users/a001/Documents/GitHub/emedicinal-product-info/input/fsh/profiles/PackagedProductDefinition-uv-epi.fsh
  Line: 28
error No element found at path legalStatusOfSupply.coding.display for CardRule in PackagedProductDefinitionUvEpi, skipping rule
  File: /Users/a001/Documents/GitHub/emedicinal-product-info/input/fsh/profiles/PackagedProductDefinition-uv-epi.fsh
  Line: 29
error No element found at path indication.coding for CardRule in RegulatedAuthorizationUvEpi, skipping rule
  File: /Users/a001/Documents/GitHub/emedicinal-product-info/input/fsh/profiles/RegulatedAuthorization-uv-epi.fsh
  Line: 23
error No element found at path indication.coding.system for CardRule in RegulatedAuthorizationUvEpi, skipping rule
  File: /Users/a001/Documents/GitHub/emedicinal-product-info/input/fsh/profiles/RegulatedAuthorization-uv-epi.fsh
  Line: 24
error No element found at path indication.coding.code for CardRule in RegulatedAuthorizationUvEpi, skipping rule
  File: /Users/a001/Documents/GitHub/emedicinal-product-info/input/fsh/profiles/RegulatedAuthorization-uv-epi.fsh
  Line: 25
error No element found at path indication.coding.display for CardRule in RegulatedAuthorizationUvEpi, skipping rule
  File: /Users/a001/Documents/GitHub/emedicinal-product-info/input/fsh/profiles/RegulatedAuthorization-uv-epi.fsh
  Line: 26
info  Converted 24 FHIR StructureDefinitions.
info  Converted 2 FHIR CodeSystems.
info  Converted 16 FHIR ValueSets.
error Element Composition.section.section.code.coding.display has minimum cardinality 1 but occurs 0 time(s).
  File: /Users/a001/Documents/GitHub/emedicinal-product-info/input/fsh/examples/composition-paracetamol-t1.fsh
  Line: 1 - 48
error Element Composition.section.section.code.coding.display has minimum cardinality 1 but occurs 0 time(s).
  File: /Users/a001/Documents/GitHub/emedicinal-product-info/input/fsh/examples/composition-paracetamol-t1.fsh
  Line: 1 - 48
error Element Composition.section.section.code.coding.display has minimum cardinality 1 but occurs 0 time(s).
  File: /Users/a001/Documents/GitHub/emedicinal-product-info/input/fsh/examples/composition-paracetamol-t1.fsh
  Line: 1 - 48
error Element Composition.section.section.code.coding.display has minimum cardinality 1 but occurs 0 time(s).
  File: /Users/a001/Documents/GitHub/emedicinal-product-info/input/fsh/examples/composition-paracetamol-t1.fsh
  Line: 1 - 48
error Element Composition.section.section.code.coding.display has minimum cardinality 1 but occurs 0 time(s).
  File: /Users/a001/Documents/GitHub/emedicinal-product-info/input/fsh/examples/composition-paracetamol-t1.fsh
  Line: 1 - 48
error Element Composition.section.section.code.coding.display has minimum cardinality 1 but occurs 0 time(s).
  File: /Users/a001/Documents/GitHub/emedicinal-product-info/input/fsh/examples/composition-paracetamol-t1.fsh
  Line: 1 - 48
error Element PackagedProductDefinition.status.coding.display has minimum cardinality 1 but occurs 0 time(s).
  File: /Users/a001/Documents/GitHub/emedicinal-product-info/input/fsh/examples/bundle-epi-type2-example-paracetamol.fsh
  Line: 121 - 137
error Element ManufacturedItemDefinition.property.type has minimum cardinality 1 but occurs 0 time(s).
  File: /Users/a001/Documents/GitHub/emedicinal-product-info/input/fsh/examples/bundle-epi-type2-example-paracetamol.fsh
  Line: 139 - 155
error Element ManufacturedItemDefinition.property.type has minimum cardinality 1 but occurs 0 time(s).
  File: /Users/a001/Documents/GitHub/emedicinal-product-info/input/fsh/examples/bundle-epi-type2-example-paracetamol.fsh
  Line: 139 - 155
error Element ManufacturedItemDefinition.property.type has minimum cardinality 1 but occurs 0 time(s).
  File: /Users/a001/Documents/GitHub/emedicinal-product-info/input/fsh/examples/bundle-epi-type2-example-paracetamol.fsh
  Line: 139 - 155
error Element ManufacturedItemDefinition.property:size.value[x].coding has minimum cardinality 1 but occurs 0 time(s).
  File: /Users/a001/Documents/GitHub/emedicinal-product-info/input/fsh/examples/bundle-epi-type2-example-paracetamol.fsh
  Line: 139 - 155
error Element ManufacturedItemDefinition.property.type has minimum cardinality 1 but occurs 0 time(s).
  File: /Users/a001/Documents/GitHub/emedicinal-product-info/input/fsh/examples/bundle-epi-type2-example-paracetamol.fsh
  Line: 139 - 155
error Element ManufacturedItemDefinition.property:score.value[x].coding has minimum cardinality 1 but occurs 0 time(s).
  File: /Users/a001/Documents/GitHub/emedicinal-product-info/input/fsh/examples/bundle-epi-type2-example-paracetamol.fsh
  Line: 139 - 155
error Element ManufacturedItemDefinition.property:color.type has minimum cardinality 1 but occurs 0 time(s).
  File: /Users/a001/Documents/GitHub/emedicinal-product-info/input/fsh/examples/bundle-epi-type2-example-paracetamol.fsh
  Line: 139 - 155
error Element ManufacturedItemDefinition.property:score.type has minimum cardinality 1 but occurs 0 time(s).
  File: /Users/a001/Documents/GitHub/emedicinal-product-info/input/fsh/examples/bundle-epi-type2-example-paracetamol.fsh
  Line: 139 - 155
error Element ManufacturedItemDefinition.property:score.value[x].coding has minimum cardinality 1 but occurs 0 time(s).
  File: /Users/a001/Documents/GitHub/emedicinal-product-info/input/fsh/examples/bundle-epi-type2-example-paracetamol.fsh
  Line: 139 - 155
error Element ManufacturedItemDefinition.property:shape.type has minimum cardinality 1 but occurs 0 time(s).
  File: /Users/a001/Documents/GitHub/emedicinal-product-info/input/fsh/examples/bundle-epi-type2-example-paracetamol.fsh
  Line: 139 - 155
error Element ManufacturedItemDefinition.property:size.type has minimum cardinality 1 but occurs 0 time(s).
  File: /Users/a001/Documents/GitHub/emedicinal-product-info/input/fsh/examples/bundle-epi-type2-example-paracetamol.fsh
  Line: 139 - 155
error Element ManufacturedItemDefinition.property:size.value[x].coding has minimum cardinality 1 but occurs 0 time(s).
  File: /Users/a001/Documents/GitHub/emedicinal-product-info/input/fsh/examples/bundle-epi-type2-example-paracetamol.fsh
  Line: 139 - 155
error Element AdministrableProductDefinition.property.type has minimum cardinality 1 but occurs 0 time(s).
  File: /Users/a001/Documents/GitHub/emedicinal-product-info/input/fsh/examples/bundle-epi-type2-example-paracetamol.fsh
  Line: 157 - 175
error Element AdministrableProductDefinition.property.type has minimum cardinality 1 but occurs 0 time(s).
  File: /Users/a001/Documents/GitHub/emedicinal-product-info/input/fsh/examples/bundle-epi-type2-example-paracetamol.fsh
  Line: 157 - 175
error Element AdministrableProductDefinition.property.type has minimum cardinality 1 but occurs 0 time(s).
  File: /Users/a001/Documents/GitHub/emedicinal-product-info/input/fsh/examples/bundle-epi-type2-example-paracetamol.fsh
  Line: 157 - 175
error Element AdministrableProductDefinition.property:flavor.value[x].coding has minimum cardinality 1 but occurs 0 time(s).
  File: /Users/a001/Documents/GitHub/emedicinal-product-info/input/fsh/examples/bundle-epi-type2-example-paracetamol.fsh
  Line: 157 - 175
error Element AdministrableProductDefinition.property.type has minimum cardinality 1 but occurs 0 time(s).
  File: /Users/a001/Documents/GitHub/emedicinal-product-info/input/fsh/examples/bundle-epi-type2-example-paracetamol.fsh
  Line: 157 - 175
error Element AdministrableProductDefinition.property:image.value[x].coding has minimum cardinality 1 but occurs 0 time(s).
  File: /Users/a001/Documents/GitHub/emedicinal-product-info/input/fsh/examples/bundle-epi-type2-example-paracetamol.fsh
  Line: 157 - 175
error Element AdministrableProductDefinition.property:color.type has minimum cardinality 1 but occurs 0 time(s).
  File: /Users/a001/Documents/GitHub/emedicinal-product-info/input/fsh/examples/bundle-epi-type2-example-paracetamol.fsh
  Line: 157 - 175
error Element AdministrableProductDefinition.property:flavor.type has minimum cardinality 1 but occurs 0 time(s).
  File: /Users/a001/Documents/GitHub/emedicinal-product-info/input/fsh/examples/bundle-epi-type2-example-paracetamol.fsh
  Line: 157 - 175
error Element AdministrableProductDefinition.property:flavor.value[x].coding has minimum cardinality 1 but occurs 0 time(s).
  File: /Users/a001/Documents/GitHub/emedicinal-product-info/input/fsh/examples/bundle-epi-type2-example-paracetamol.fsh
  Line: 157 - 175
error Element AdministrableProductDefinition.property:shape.type has minimum cardinality 1 but occurs 0 time(s).
  File: /Users/a001/Documents/GitHub/emedicinal-product-info/input/fsh/examples/bundle-epi-type2-example-paracetamol.fsh
  Line: 157 - 175
error Element AdministrableProductDefinition.property:image.type has minimum cardinality 1 but occurs 0 time(s).
  File: /Users/a001/Documents/GitHub/emedicinal-product-info/input/fsh/examples/bundle-epi-type2-example-paracetamol.fsh
  Line: 157 - 175
error Element AdministrableProductDefinition.property:image.value[x].coding has minimum cardinality 1 but occurs 0 time(s).
  File: /Users/a001/Documents/GitHub/emedicinal-product-info/input/fsh/examples/bundle-epi-type2-example-paracetamol.fsh
  Line: 157 - 175
error Element ClinicalUseDefinition.category.coding.display has minimum cardinality 1 but occurs 0 time(s).
  File: /Users/a001/Documents/GitHub/emedicinal-product-info/input/fsh/examples/bundle-epi-type3-example-wonderdrug.fsh
  Line: 312 - 325
error Element ClinicalUseDefinition.status.coding.system has minimum cardinality 1 but occurs 0 time(s).
  File: /Users/a001/Documents/GitHub/emedicinal-product-info/input/fsh/examples/bundle-epi-type3-example-wonderdrug.fsh
  Line: 312 - 325
error Element ClinicalUseDefinition.status.coding.display has minimum cardinality 1 but occurs 0 time(s).
  File: /Users/a001/Documents/GitHub/emedicinal-product-info/input/fsh/examples/bundle-epi-type3-example-wonderdrug.fsh
  Line: 312 - 325
error Element ClinicalUseDefinition.category.coding.display has minimum cardinality 1 but occurs 0 time(s).
  File: /Users/a001/Documents/GitHub/emedicinal-product-info/input/fsh/examples/bundle-epi-type3-example-wonderdrug.fsh
  Line: 327 - 340
error Element ClinicalUseDefinition.status.coding.system has minimum cardinality 1 but occurs 0 time(s).
  File: /Users/a001/Documents/GitHub/emedicinal-product-info/input/fsh/examples/bundle-epi-type3-example-wonderdrug.fsh
  Line: 327 - 340
error Element ClinicalUseDefinition.status.coding.display has minimum cardinality 1 but occurs 0 time(s).
  File: /Users/a001/Documents/GitHub/emedicinal-product-info/input/fsh/examples/bundle-epi-type3-example-wonderdrug.fsh
  Line: 327 - 340
error Element ClinicalUseDefinition.category.coding.display has minimum cardinality 1 but occurs 0 time(s).
  File: /Users/a001/Documents/GitHub/emedicinal-product-info/input/fsh/examples/bundle-epi-type3-example-wonderdrug.fsh
  Line: 342 - 355
error Element ClinicalUseDefinition.status.coding.system has minimum cardinality 1 but occurs 0 time(s).
  File: /Users/a001/Documents/GitHub/emedicinal-product-info/input/fsh/examples/bundle-epi-type3-example-wonderdrug.fsh
  Line: 342 - 355
error Element ClinicalUseDefinition.status.coding.display has minimum cardinality 1 but occurs 0 time(s).
  File: /Users/a001/Documents/GitHub/emedicinal-product-info/input/fsh/examples/bundle-epi-type3-example-wonderdrug.fsh
  Line: 342 - 355
error Element ClinicalUseDefinition.category.coding.display has minimum cardinality 1 but occurs 0 time(s).
  File: /Users/a001/Documents/GitHub/emedicinal-product-info/input/fsh/examples/bundle-epi-type3-example-wonderdrug.fsh
  Line: 371 - 385
error Element ClinicalUseDefinition.status.coding.system has minimum cardinality 1 but occurs 0 time(s).
  File: /Users/a001/Documents/GitHub/emedicinal-product-info/input/fsh/examples/bundle-epi-type3-example-wonderdrug.fsh
  Line: 371 - 385
error Element ClinicalUseDefinition.status.coding.display has minimum cardinality 1 but occurs 0 time(s).
  File: /Users/a001/Documents/GitHub/emedicinal-product-info/input/fsh/examples/bundle-epi-type3-example-wonderdrug.fsh
  Line: 371 - 385
error Element ClinicalUseDefinition.category.coding.display has minimum cardinality 1 but occurs 0 time(s).
  File: /Users/a001/Documents/GitHub/emedicinal-product-info/input/fsh/examples/bundle-epi-type3-example-wonderdrug.fsh
  Line: 357 - 370
error Element ClinicalUseDefinition.status.coding.system has minimum cardinality 1 but occurs 0 time(s).
  File: /Users/a001/Documents/GitHub/emedicinal-product-info/input/fsh/examples/bundle-epi-type3-example-wonderdrug.fsh
  Line: 357 - 370
error Element ClinicalUseDefinition.status.coding.display has minimum cardinality 1 but occurs 0 time(s).
  File: /Users/a001/Documents/GitHub/emedicinal-product-info/input/fsh/examples/bundle-epi-type3-example-wonderdrug.fsh
  Line: 357 - 370
error Element ClinicalUseDefinition.category.coding.display has minimum cardinality 1 but occurs 0 time(s).
  File: /Users/a001/Documents/GitHub/emedicinal-product-info/input/fsh/examples/bundle-epi-type3-example-wonderdrug.fsh
  Line: 387 - 399
error Element ClinicalUseDefinition.status.coding.system has minimum cardinality 1 but occurs 0 time(s).
  File: /Users/a001/Documents/GitHub/emedicinal-product-info/input/fsh/examples/bundle-epi-type3-example-wonderdrug.fsh
  Line: 387 - 399
error Element ClinicalUseDefinition.status.coding.display has minimum cardinality 1 but occurs 0 time(s).
  File: /Users/a001/Documents/GitHub/emedicinal-product-info/input/fsh/examples/bundle-epi-type3-example-wonderdrug.fsh
  Line: 387 - 399
info  Converted 28 FHIR instances.
info  Exporting FHIR resources as JSON...
info  Exported 70 FHIR resources as JSON.
info  Assembling Implementation Guide sources...
info  Generated ImplementationGuide-hl7.fhir.uv.emedicinal-product-info.json
info  Assembled Implementation Guide sources; ready for IG Publisher.

========================= SUSHI RESULTS ===========================
|  -------------------------------------------------------------  |
| |    Profiles   |  Extensions  |   Logicals   |   Resources   | |
| |-------------------------------------------------------------| |
| |      20       |      4       |      0       |       0       | |
|  -------------------------------------------------------------  |
|  -------------------------------------------------------------  |
| |      ValueSets     |    CodeSystems    |     Instances      | |
| |-------------------------------------------------------------| |
| |         16         |         2         |         28         | |
|  -------------------------------------------------------------  |
|                                                                 |
===================================================================
| Unfor-tuna-tely, there are errors.    133 Errors     0 Warnings |
===================================================================

